2025-10-27T09:41:44+01:00
TO: lamkw-wm22@student.tarc.edu.my
SUBJECT: Reset your EVTP password
Use this link within 1 hour to reset your password: /evtp/public/reset?token=0a76b743615fdd2f60d69bd599f74a83
---
2025-10-27T09:42:11+01:00
TO: lamkw-wm22@student.tarc.edu.my
SUBJECT: Reset your EVTP password
Use this link within 1 hour to reset your password: /evtp/public/reset?token=cad8de987e106cb23fd5511552ee2bc2
---
2025-10-27T09:45:07+01:00
TO: lamkw-wm22@student.tarc.edu.my
SUBJECT: Reset your EVTP password
Use this link within 1 hour to reset your password: /evtp/public/reset?token=414dccf92a6347dfe33766b1f38983f8
---
2025-10-28T04:51:31+01:00
TO: karw0602@gmail.com
SUBJECT: Your EVTP admin account
Hello KW,

Your temporary admin password is: nw#@y39^Wu

For security, please set a new password using this link (valid 1 hour): /evtp/public/reset?token=7cc42eae18c1ff0d7023cc03ffe574a6

Regards, EVTP
---
2025-10-28T05:18:02+01:00
TO: karw0602@gmail.com
SUBJECT: Your EVTP admin account
Hello KW,

Your temporary admin password is: s6wuBu&A4T

For security, please set a new password using this link (valid 1 hour): /evtp/public/reset?token=cd5dccd016c482e966dd0f4ccce1394d

Regards, EVTP
---
MAIL ERROR: SMTP Error: Could not authenticate.
2025-10-28T07:09:01+01:00
TO: lamkw-wm22@student.tarc.edu.my
SUBJECT: Your EVTP employer account
Hello alice,

Your temporary employer password is: ^Sf2#y6@v7

Please login and change it via the reset page.
---
MAIL ERROR: SMTP Error: Could not authenticate.
2025-10-28T07:23:47+01:00
TO: lamkw-wm22@student.tarc.edu.my
SUBJECT: Your EVTP employer account
Hello alice,

Your temporary employer password is: e!F73fE%g#

Please login and change it via the reset page.
---
MAIL ERROR: SMTP Error: Could not authenticate.
2025-10-28T07:30:29+01:00
TO: shila@gmail.com
SUBJECT: Your EVTP trainer account
Hello Shila,

Your temporary trainer password is: %#eQ8vP*A$

Please login and change it via the reset page.
---
MAIL ERROR: SMTP Error: Could not authenticate.
2025-10-29T04:16:23+01:00
TO: tarumt@gmail.com
SUBJECT: Your EVTP employer account
Hello Katty,

Your temporary employer password is: NfsT!thvx@

Please login and change it via the reset page.
---
MAIL ERROR: SMTP Error: Could not authenticate.
2025-10-29T04:19:40+01:00
TO: tarumt@gmail.com
SUBJECT: Your EVTP employer account
Hello tarumt,

Your temporary employer password is: na5WG&&Af9

For security, you will be required to reset your password on your first login. If you prefer, you can also use the Reset Password page to set it now.
---
MAIL ERROR: SMTP Error: Could not authenticate.
2025-10-29T04:21:28+01:00
TO: tarumt@gmail.com
SUBJECT: Your EVTP employer account
Hello tarumt,

Your temporary employer password is: vX9*cy&!k4

For security, you will be required to reset your password on your first login. If you prefer, you can also use the Reset Password page to set it now.
---
MAIL ERROR: SMTP Error: Could not authenticate.
2025-10-29T04:25:09+01:00
TO: ucsi@gmail.com
SUBJECT: Your EVTP employer account
Hello UCSI,

Your temporary employer password is: ^zkkjPzaNR

For security, you will be required to reset your password on your first login. If you prefer, you can also use the Reset Password page to set it now.
---
MAIL ERROR: SMTP Error: Could not authenticate.
2025-10-29T07:49:33+01:00
TO: david@gmail.com
SUBJECT: Your EVTP trainer account
Hello David,

Your temporary trainer password is: Q%DW7BaB2D

Please login and change it via the reset page.
---
MAIL ERROR: SMTP Error: Could not authenticate.
2025-10-31T14:52:22+01:00
TO: tarumt@gmail.com
SUBJECT: Your EVTP employer account
Hello TARUMT,

Your temporary employer password is: v5Ts#Zhdg4

For security, you will be required to reset your password on your first login. If you prefer, you can also use the Reset Password page to set it now.
---
MAIL ERROR: SMTP Error: Could not authenticate.
